{
  "RSpec": {
    "coverage": {
      "/Users/nicholasmcenroe/turing_work/3mod/ics/real_mid_mod/mm-food-2307/config/environment.rb": {
        "lines": [
          null,
          1,
          null,
          null,
          1
        ]
      },
      "/Users/nicholasmcenroe/turing_work/3mod/ics/real_mid_mod/mm-food-2307/config/application.rb": {
        "lines": [
          1,
          null,
          1,
          null,
          1,
          1,
          1,
          1,
          1,
          1,
          1,
          1,
          1,
          1,
          null,
          null,
          null,
          null,
          1,
          null,
          1,
          1,
          null,
          1,
          null,
          null,
          null,
          null,
          null,
          null,
          null,
          null,
          null,
          null,
          1,
          null,
          null
        ]
      },
      "/Users/nicholasmcenroe/turing_work/3mod/ics/real_mid_mod/mm-food-2307/config/boot.rb": {
        "lines": [
          1,
          null,
          1,
          1
        ]
      },
      "/Users/nicholasmcenroe/turing_work/3mod/ics/real_mid_mod/mm-food-2307/config/environments/test.rb": {
        "lines": [
          1,
          null,
          null,
          null,
          null,
          null,
          null,
          1,
          null,
          null,
          null,
          1,
          null,
          null,
          null,
          null,
          1,
          null,
          null,
          1,
          1,
          null,
          null,
          null,
          null,
          1,
          1,
          1,
          null,
          null,
          1,
          null,
          null,
          1,
          null,
          null,
          1,
          null,
          1,
          null,
          null,
          null,
          null,
          1,
          null,
          null,
          1,
          null,
          null,
          1,
          null,
          null,
          1,
          null,
          null,
          null,
          null,
          null,
          null,
          null
        ]
      },
      "/Users/nicholasmcenroe/turing_work/3mod/ics/real_mid_mod/mm-food-2307/config/initializers/assets.rb": {
        "lines": [
          null,
          null,
          null,
          1,
          null,
          null,
          null,
          null,
          null,
          null,
          null,
          null
        ]
      },
      "/Users/nicholasmcenroe/turing_work/3mod/ics/real_mid_mod/mm-food-2307/config/initializers/content_security_policy.rb": {
        "lines": [
          null,
          null,
          null,
          null,
          null,
          null,
          null,
          null,
          null,
          null,
          null,
          null,
          null,
          null,
          null,
          null,
          null,
          null,
          null,
          null,
          null,
          null,
          null,
          null,
          null
        ]
      },
      "/Users/nicholasmcenroe/turing_work/3mod/ics/real_mid_mod/mm-food-2307/config/initializers/filter_parameter_logging.rb": {
        "lines": [
          null,
          null,
          null,
          null,
          null,
          1,
          null,
          null
        ]
      },
      "/Users/nicholasmcenroe/turing_work/3mod/ics/real_mid_mod/mm-food-2307/config/initializers/inflections.rb": {
        "lines": [
          null,
          null,
          null,
          null,
          null,
          null,
          null,
          null,
          null,
          null,
          null,
          null,
          null,
          null,
          null,
          null
        ]
      },
      "/Users/nicholasmcenroe/turing_work/3mod/ics/real_mid_mod/mm-food-2307/config/initializers/permissions_policy.rb": {
        "lines": [
          null,
          null,
          null,
          null,
          null,
          null,
          null,
          null,
          null,
          null,
          null
        ]
      },
      "/Users/nicholasmcenroe/turing_work/3mod/ics/real_mid_mod/mm-food-2307/config/routes.rb": {
        "lines": [
          1,
          1,
          null,
          1,
          null
        ]
      },
      "/Users/nicholasmcenroe/turing_work/3mod/ics/real_mid_mod/mm-food-2307/app/helpers/application_helper.rb": {
        "lines": [
          1,
          null
        ]
      },
      "/Users/nicholasmcenroe/turing_work/3mod/ics/real_mid_mod/mm-food-2307/app/facades/food_facade.rb": {
        "lines": [
          1,
          1,
          2,
          null,
          null,
          1,
          null,
          2,
          null,
          2,
          20,
          null,
          null,
          null
        ]
      },
      "/Users/nicholasmcenroe/turing_work/3mod/ics/real_mid_mod/mm-food-2307/spec/features/user_can_search_spec.rb": {
        "lines": [
          1,
          null,
          1,
          1,
          1,
          null,
          1,
          null,
          1,
          null,
          1,
          1,
          1,
          1,
          1,
          null,
          null,
          null,
          null,
          null,
          null,
          null,
          null,
          null,
          null,
          null,
          null,
          null,
          null,
          null,
          null,
          null,
          null
        ]
      },
      "/Users/nicholasmcenroe/turing_work/3mod/ics/real_mid_mod/mm-food-2307/spec/poros/food_spec.rb": {
        "lines": [
          1,
          null,
          1,
          1,
          null,
          1,
          null,
          null,
          null,
          null,
          null,
          1,
          null,
          1,
          1,
          1,
          1,
          1,
          null,
          null
        ]
      },
      "/Users/nicholasmcenroe/turing_work/3mod/ics/real_mid_mod/mm-food-2307/app/poros/food.rb": {
        "lines": [
          1,
          1,
          1,
          21,
          21,
          21,
          21,
          null,
          null
        ]
      },
      "/Users/nicholasmcenroe/turing_work/3mod/ics/real_mid_mod/mm-food-2307/spec/services/USDA_database_services_spec.rb": {
        "lines": [
          1,
          null,
          1,
          1,
          1,
          1,
          1,
          null,
          1,
          1,
          null,
          1,
          null,
          1,
          1,
          null,
          1,
          1,
          null,
          1,
          1,
          null,
          1,
          1,
          null,
          null,
          null,
          null
        ]
      },
      "/Users/nicholasmcenroe/turing_work/3mod/ics/real_mid_mod/mm-food-2307/app/services/USDA_database_service.rb": {
        "lines": [
          1,
          1,
          3,
          3,
          null,
          null,
          null,
          1,
          3,
          3,
          null,
          null,
          1,
          3,
          null,
          null
        ]
      },
      "/Users/nicholasmcenroe/turing_work/3mod/ics/real_mid_mod/mm-food-2307/app/controllers/welcome_controller.rb": {
        "lines": [
          1,
          1,
          null,
          null
        ]
      },
      "/Users/nicholasmcenroe/turing_work/3mod/ics/real_mid_mod/mm-food-2307/app/controllers/application_controller.rb": {
        "lines": [
          1,
          null
        ]
      },
      "/Users/nicholasmcenroe/turing_work/3mod/ics/real_mid_mod/mm-food-2307/app/controllers/foods_controller.rb": {
        "lines": [
          1,
          1,
          1,
          null,
          null
        ]
      }
    },
    "timestamp": 1698425491
  }
}
